2020-03-27 08:54:54.542  INFO 11096 [main] --- c.w.o.OrderServiceApplicationTests       : No active profile set, falling back to default profiles: default
2020-03-27 08:54:54.552 DEBUG 11096 [main] --- o.s.w.c.s.GenericWebApplicationContext   : Refreshing org.springframework.web.context.support.GenericWebApplicationContext@491842e8
2020-03-27 08:54:56.226  INFO 11096 [main] --- .s.d.r.c.RepositoryConfigurationDelegate : Bootstrapping Spring Data JPA repositories in DEFAULT mode.
2020-03-27 08:54:56.253  INFO 11096 [main] --- .s.d.r.c.RepositoryConfigurationDelegate : Finished Spring Data repository scanning in 15ms. Found 0 JPA repository interfaces.
2020-03-27 08:54:56.450  WARN 11096 [main] --- o.s.boot.actuate.endpoint.EndpointId     : Endpoint ID 'service-registry' contains invalid characters, please migrate to a valid format.
2020-03-27 08:54:56.769  INFO 11096 [main] --- o.s.cloud.context.scope.GenericScope     : BeanFactory id=f1961cdf-b106-3827-993c-8b40ea0527f4
2020-03-27 08:54:57.390  INFO 11096 [main] --- trationDelegate$BeanPostProcessorChecker : Bean 'org.springframework.security.config.annotation.configuration.ObjectPostProcessorConfiguration' of type [org.springframework.security.config.annotation.configuration.ObjectPostProcessorConfiguration] is not eligible for getting processed by all BeanPostProcessors (for example: not eligible for auto-proxying)
2020-03-27 08:54:57.404  INFO 11096 [main] --- trationDelegate$BeanPostProcessorChecker : Bean 'objectPostProcessor' of type [org.springframework.security.config.annotation.configuration.AutowireBeanFactoryObjectPostProcessor] is not eligible for getting processed by all BeanPostProcessors (for example: not eligible for auto-proxying)
2020-03-27 08:54:57.409  INFO 11096 [main] --- trationDelegate$BeanPostProcessorChecker : Bean 'org.springframework.security.access.expression.method.DefaultMethodSecurityExpressionHandler@612445e4' of type [org.springframework.security.oauth2.provider.expression.OAuth2MethodSecurityExpressionHandler] is not eligible for getting processed by all BeanPostProcessors (for example: not eligible for auto-proxying)
2020-03-27 08:54:57.419  INFO 11096 [main] --- trationDelegate$BeanPostProcessorChecker : Bean 'org.springframework.security.config.annotation.method.configuration.GlobalMethodSecurityConfiguration' of type [org.springframework.security.config.annotation.method.configuration.GlobalMethodSecurityConfiguration] is not eligible for getting processed by all BeanPostProcessors (for example: not eligible for auto-proxying)
2020-03-27 08:54:57.430  INFO 11096 [main] --- trationDelegate$BeanPostProcessorChecker : Bean 'methodSecurityMetadataSource' of type [org.springframework.security.access.method.DelegatingMethodSecurityMetadataSource] is not eligible for getting processed by all BeanPostProcessors (for example: not eligible for auto-proxying)
2020-03-27 08:54:57.816  INFO 11096 [main] --- com.zaxxer.hikari.HikariDataSource       : HikariPool-1 - Starting...
2020-03-27 08:54:58.161  INFO 11096 [main] --- com.zaxxer.hikari.HikariDataSource       : HikariPool-1 - Start completed.
2020-03-27 08:54:58.268  INFO 11096 [main] --- o.hibernate.jpa.internal.util.LogHelper  : HHH000204: Processing PersistenceUnitInfo [name: default]
2020-03-27 08:54:58.425  INFO 11096 [main] --- org.hibernate.Version                    : HHH000412: Hibernate ORM core version 5.4.12.Final
2020-03-27 08:54:58.679  INFO 11096 [main] --- o.hibernate.annotations.common.Version   : HCANN000001: Hibernate Commons Annotations {5.1.0.Final}
2020-03-27 08:54:59.193  INFO 11096 [main] --- org.hibernate.dialect.Dialect            : HHH000400: Using dialect: org.hibernate.dialect.H2Dialect
2020-03-27 08:54:59.686  INFO 11096 [main] --- o.h.e.t.j.p.i.JtaPlatformInitiator       : HHH000490: Using JtaPlatform implementation: [org.hibernate.engine.transaction.jta.platform.internal.NoJtaPlatform]
2020-03-27 08:54:59.704  INFO 11096 [main] --- j.LocalContainerEntityManagerFactoryBean : Initialized JPA EntityManagerFactory for persistence unit 'default'
2020-03-27 08:54:59.795 DEBUG 11096 [main] --- .PrePostAnnotationSecurityMetadataSource : @org.springframework.security.access.prepost.PreAuthorize(value=#oauth2.hasScope('toll_read') and hasAuthority('ROLE_OPERATOR')) found on specific method: public java.util.ArrayList com.wiltech.orderservice.OrderServiceApplication.getTollData()
2020-03-27 08:54:59.824 DEBUG 11096 [main] --- m.DelegatingMethodSecurityMetadataSource : Caching method [CacheKey[com.wiltech.orderservice.OrderServiceApplication$$EnhancerBySpringCGLIB$$90451122; public java.util.ArrayList com.wiltech.orderservice.OrderServiceApplication.getTollData()]] with attributes [[authorize: '#oauth2.hasScope('toll_read') and hasAuthority('ROLE_OPERATOR')', filter: 'null', filterTarget: 'null']]
2020-03-27 08:54:59.860 DEBUG 11096 [main] --- o.s.s.a.i.a.MethodSecurityInterceptor    : Validated configuration attributes
2020-03-27 08:54:59.953  WARN 11096 [main] --- JpaBaseConfiguration$JpaWebConfiguration : spring.jpa.open-in-view is enabled by default. Therefore, database queries may be performed during view rendering. Explicitly configure spring.jpa.open-in-view to disable this warning
2020-03-27 08:55:00.181  WARN 11096 [main] --- c.n.c.sources.URLConfigurationSource     : No URLs will be polled as dynamic configuration sources.
2020-03-27 08:55:00.182  INFO 11096 [main] --- c.n.c.sources.URLConfigurationSource     : To enable URLs as dynamic configuration sources, define System property archaius.configurationSource.additionalUrls or make config.properties available on classpath.
2020-03-27 08:55:00.212  INFO 11096 [main] --- c.netflix.config.DynamicPropertyFactory  : DynamicPropertyFactory is initialized with configuration sources: com.netflix.config.ConcurrentCompositeConfiguration@652a47ed
2020-03-27 08:55:00.602 DEBUG 11096 [main] --- eGlobalAuthenticationAutowiredConfigurer : Eagerly initializing {webSecurityConfig=com.wiltech.orderservice.config.WebSecurityConfig$$EnhancerBySpringCGLIB$$a842f45b@933775c6}
2020-03-27 08:55:00.616  INFO 11096 [main] --- .s.s.UserDetailsServiceAutoConfiguration : 

Using generated security password: e436e48e-684e-40d0-8607-5026b5bb170e

2020-03-27 08:55:01.160 DEBUG 11096 [main] --- edFilterInvocationSecurityMetadataSource : Adding web access control expression 'authenticated', for any request
2020-03-27 08:55:01.168 DEBUG 11096 [main] --- o.s.s.w.a.i.FilterSecurityInterceptor    : Validated configuration attributes
2020-03-27 08:55:01.169 DEBUG 11096 [main] --- o.s.s.w.a.i.FilterSecurityInterceptor    : Validated configuration attributes
2020-03-27 08:55:01.179  INFO 11096 [main] --- o.s.s.web.DefaultSecurityFilterChain     : Creating filter chain: any request, [org.springframework.security.web.context.request.async.WebAsyncManagerIntegrationFilter@fb66d5d2, org.springframework.security.web.context.SecurityContextPersistenceFilter@f67a58c4, org.springframework.security.web.header.HeaderWriterFilter@448d9a28, org.springframework.security.web.authentication.logout.LogoutFilter@b46de0ee, org.springframework.security.oauth2.provider.authentication.OAuth2AuthenticationProcessingFilter@dda3c840, org.springframework.security.web.savedrequest.RequestCacheAwareFilter@e35e0bf5, org.springframework.security.web.servletapi.SecurityContextHolderAwareRequestFilter@a7b0970b, org.springframework.security.web.authentication.AnonymousAuthenticationFilter@2965a6ea, org.springframework.security.web.session.SessionManagementFilter@44343dfc, org.springframework.security.web.access.ExceptionTranslationFilter@aa30d973, org.springframework.security.web.access.intercept.FilterSecurityInterceptor@f6680354]
2020-03-27 08:55:01.218 DEBUG 11096 [main] --- edFilterInvocationSecurityMetadataSource : Adding web access control expression 'permitAll', for ExactUrl [processUrl='/web/login?error']
2020-03-27 08:55:01.218 DEBUG 11096 [main] --- edFilterInvocationSecurityMetadataSource : Adding web access control expression 'permitAll', for ExactUrl [processUrl='/web/login']
2020-03-27 08:55:01.218 DEBUG 11096 [main] --- edFilterInvocationSecurityMetadataSource : Adding web access control expression 'permitAll', for ExactUrl [processUrl='/web/login']
2020-03-27 08:55:01.235 DEBUG 11096 [main] --- edFilterInvocationSecurityMetadataSource : Adding web access control expression 'permitAll', for Ant [pattern='/web/logout', POST]
2020-03-27 08:55:01.235 DEBUG 11096 [main] --- edFilterInvocationSecurityMetadataSource : Adding web access control expression 'permitAll', for ExactUrl [processUrl='/web/']
2020-03-27 08:55:01.236 DEBUG 11096 [main] --- edFilterInvocationSecurityMetadataSource : Adding web access control expression 'authenticated', for Ant [pattern='/data/**']
2020-03-27 08:55:01.236 DEBUG 11096 [main] --- edFilterInvocationSecurityMetadataSource : Adding web access control expression 'hasRole('ROLE_USER')', for Ant [pattern='/protected/**']
2020-03-27 08:55:01.236 DEBUG 11096 [main] --- edFilterInvocationSecurityMetadataSource : Adding web access control expression 'hasRole('ROLE_USER')', for Ant [pattern='**/protected/**']
2020-03-27 08:55:01.237 DEBUG 11096 [main] --- edFilterInvocationSecurityMetadataSource : Adding web access control expression 'hasRole('ROLE_USER')', for Ant [pattern='orders/protected/**']
2020-03-27 08:55:01.237 DEBUG 11096 [main] --- edFilterInvocationSecurityMetadataSource : Adding web access control expression 'denyAll', for any request
2020-03-27 08:55:01.238 DEBUG 11096 [main] --- o.s.s.w.a.i.FilterSecurityInterceptor    : Validated configuration attributes
2020-03-27 08:55:01.239 DEBUG 11096 [main] --- o.s.s.w.a.i.FilterSecurityInterceptor    : Validated configuration attributes
2020-03-27 08:55:01.260  INFO 11096 [main] --- o.s.s.web.DefaultSecurityFilterChain     : Creating filter chain: any request, [org.springframework.security.web.context.request.async.WebAsyncManagerIntegrationFilter@73717748, org.springframework.security.web.context.SecurityContextPersistenceFilter@7fa2986b, org.springframework.security.web.header.HeaderWriterFilter@64f0eeb6, org.springframework.security.web.csrf.CsrfFilter@974e3e69, org.springframework.security.web.authentication.logout.LogoutFilter@c21222bf, org.springframework.security.web.authentication.UsernamePasswordAuthenticationFilter@1788d754, org.springframework.security.web.savedrequest.RequestCacheAwareFilter@5f5624bb, org.springframework.security.web.servletapi.SecurityContextHolderAwareRequestFilter@9a0b47c2, org.springframework.security.web.authentication.AnonymousAuthenticationFilter@4e66bb95, org.springframework.security.web.session.SessionManagementFilter@ce25dab5, org.springframework.security.web.access.ExceptionTranslationFilter@39154ece, org.springframework.security.web.access.intercept.FilterSecurityInterceptor@8050157e]
2020-03-27 08:55:01.636  WARN 11096 [main] --- c.n.c.sources.URLConfigurationSource     : No URLs will be polled as dynamic configuration sources.
2020-03-27 08:55:01.636  INFO 11096 [main] --- c.n.c.sources.URLConfigurationSource     : To enable URLs as dynamic configuration sources, define System property archaius.configurationSource.additionalUrls or make config.properties available on classpath.
2020-03-27 08:55:02.206  INFO 11096 [main] --- o.s.s.concurrent.ThreadPoolTaskExecutor  : Initializing ExecutorService 'applicationTaskExecutor'
2020-03-27 08:55:02.238 DEBUG 11096 [main] --- s.w.s.m.m.a.RequestMappingHandlerAdapter : ControllerAdvice beans: 0 @ModelAttribute, 0 @InitBinder, 1 RequestBodyAdvice, 1 ResponseBodyAdvice
2020-03-27 08:55:02.351 DEBUG 11096 [main] --- s.w.s.m.m.a.RequestMappingHandlerMapping : 10 mappings in 'requestMappingHandlerMapping'
2020-03-27 08:55:02.465 DEBUG 11096 [main] --- o.s.w.s.handler.SimpleUrlHandlerMapping  : Patterns [/webjars/**, /**] in 'resourceHandlerMapping'
2020-03-27 08:55:02.496 DEBUG 11096 [main] --- .m.m.a.ExceptionHandlerExceptionResolver : ControllerAdvice beans: 0 @ExceptionHandler, 1 ResponseBodyAdvice
2020-03-27 08:55:04.704  WARN 11096 [main] --- ockingLoadBalancerClientRibbonWarnLogger : You already have RibbonLoadBalancerClient on your classpath. It will be used by default. As Spring Cloud Ribbon is in maintenance mode. We recommend switching to BlockingLoadBalancerClient instead. In order to use it, set the value of `spring.cloud.loadbalancer.ribbon.enabled` to `false` or remove spring-cloud-starter-netflix-ribbon from your project.
2020-03-27 08:55:04.851  INFO 11096 [main] --- o.s.b.a.e.web.EndpointLinksResolver      : Exposing 2 endpoint(s) beneath base path '/actuator'
2020-03-27 08:55:04.995  INFO 11096 [main] --- c.w.o.OrderServiceApplicationTests       : Started OrderServiceApplicationTests in 12.205 seconds (JVM running for 14.06)
2020-03-27 08:55:05.434 DEBUG 11096 [SpringContextShutdownHook] --- o.s.w.c.s.GenericWebApplicationContext   : Closing org.springframework.web.context.support.GenericWebApplicationContext@491842e8, started on Fri Mar 27 08:54:54 GMT 2020, parent: org.springframework.context.annotation.AnnotationConfigApplicationContext@43a199ef
2020-03-27 08:55:05.449  INFO 11096 [SpringContextShutdownHook] --- o.s.c.n.eureka.InstanceInfoFactory       : Setting initial instance status as: STARTING
2020-03-27 08:55:05.453  INFO 11096 [SpringContextShutdownHook] --- o.s.c.n.e.s.EurekaServiceRegistry        : Unregistering application ORDERS-SERVICE with eureka with status DOWN
2020-03-27 08:55:05.483  INFO 11096 [SpringContextShutdownHook] --- o.s.s.concurrent.ThreadPoolTaskExecutor  : Shutting down ExecutorService 'applicationTaskExecutor'
2020-03-27 08:55:05.486  INFO 11096 [SpringContextShutdownHook] --- j.LocalContainerEntityManagerFactoryBean : Closing JPA EntityManagerFactory for persistence unit 'default'
2020-03-27 08:55:05.486  INFO 11096 [SpringContextShutdownHook] --- .SchemaDropperImpl$DelayedDropActionImpl : HHH000477: Starting delayed evictData of schema as part of SessionFactory shut-down'
2020-03-27 08:55:05.492  INFO 11096 [SpringContextShutdownHook] --- com.zaxxer.hikari.HikariDataSource       : HikariPool-1 - Shutdown initiated...
2020-03-27 08:55:05.494  INFO 11096 [SpringContextShutdownHook] --- com.zaxxer.hikari.HikariDataSource       : HikariPool-1 - Shutdown completed.
